d:\user\nelson\documents\visual studio 2017\projects\game\game.views\x64\debug\vc141.pdb
d:\user\nelson\documents\visual studio 2017\projects\game\game.views\x64\debug\uigame.obj
d:\user\nelson\documents\visual studio 2017\projects\game\game.views\x64\debug\.netframework,version=v4.5.2.assemblyattributes.obj
d:\user\nelson\documents\visual studio 2017\projects\game\game.views\x64\debug\.netframework,version=v4.5.2.assemblyattributes.asm
d:\repository\game\game.views\x64\debug\vc141.pdb
d:\repository\game\game.views\x64\debug\user.obj
d:\repository\game\game.views\x64\debug\uigame.obj
d:\user\nelson\documents\visual studio 2017\projects\game\game.views\x64\debug\gameviews.uigame.resources
d:\repository\game\game.views\x64\debug\gameviews.uigame.resources
d:\repository\game\game.views\x64\debug\gameviews.user.resources
d:\user\nelson\documents\visual studio 2017\projects\game\x64\debug\game.views.exe
d:\user\nelson\documents\visual studio 2017\projects\game\x64\debug\game.views.pdb
d:\repository\game\x64\debug\game.views.exe
d:\repository\game\x64\debug\game.views.pdb
d:\repository\game\game.views\x64\debug\game.views.vcxproj.generateresource.cache
d:\repository\game\game.views\x64\debug\game.views.vcxprojresolveassemblyreference.cache
d:\repository\game\game.views\x64\debug\.netframework,version=v4.5.2.assemblyattributes.obj
d:\repository\game\game.views\x64\debug\game.views.tlog\cl.command.1.tlog
d:\repository\game\game.views\x64\debug\game.views.tlog\cl.read.1.tlog
d:\repository\game\game.views\x64\debug\game.views.tlog\cl.write.1.tlog
d:\repository\game\game.views\x64\debug\game.views.tlog\game.views.write.1u.tlog
d:\repository\game\game.views\x64\debug\game.views.tlog\link.command.1.tlog
d:\repository\game\game.views\x64\debug\game.views.tlog\link.read.1.tlog
d:\repository\game\game.views\x64\debug\game.views.tlog\link.write.1.tlog
d:\repository\game\game.views\x64\debug\game.views.tlog\metagen.read.1.tlog
d:\repository\game\game.views\x64\debug\game.views.tlog\metagen.write.1.tlog
d:\repository\game\game.views\x64\debug\game.views.tlog\tzres.dll.bi
